2025-11-08 18:50:47,250 - __main__ - INFO - Found 113 autobahns from API
2025-11-08 18:50:47,251 - __main__ - INFO - Starting comprehensive collection for 113 highways
2025-11-08 18:50:47,609 - __main__ - INFO - Found 1 warnings on A5
2025-11-08 18:50:47,637 - __main__ - INFO - Found 1 warnings on A1
2025-11-08 18:50:47,637 - __main__ - INFO - Found 5 warnings on A4
2025-11-08 18:50:47,661 - __main__ - INFO - Found 1 warnings on A2
2025-11-08 18:50:47,665 - __main__ - INFO - Found 2 warnings on A3
2025-11-08 18:50:48,398 - __main__ - INFO - Found 0 warnings on A6
2025-11-08 18:50:48,438 - __main__ - INFO - Found 5 warnings on A7
2025-11-08 18:50:48,459 - __main__ - INFO - Found 2 warnings on A8
2025-11-08 18:50:48,747 - __main__ - INFO - Found 3 warnings on A9
2025-11-08 18:50:48,909 - __main__ - INFO - Found 1 warnings on A10
2025-11-08 18:50:49,710 - __main__ - INFO - Found 0 warnings on A11
2025-11-08 18:50:49,711 - __main__ - INFO - Found 2 warnings on A12
2025-11-08 18:50:50,074 - __main__ - INFO - Found 0 warnings on A13
2025-11-08 18:50:50,201 - __main__ - INFO - Found 0 warnings on A14
2025-11-08 18:50:50,431 - __main__ - INFO - Found 0 warnings on A15
2025-11-08 18:50:50,432 - __main__ - INFO - Found 0 warnings on A17
2025-11-08 18:50:50,535 - __main__ - INFO - Found 0 warnings on A19
2025-11-08 18:50:50,778 - __main__ - INFO - Found 0 warnings on A21
2025-11-08 18:50:50,785 - __main__ - INFO - Found 1 warnings on A20
2025-11-08 18:50:50,860 - __main__ - INFO - Found 0 warnings on A23
2025-11-08 18:50:50,950 - __main__ - INFO - Found 0 warnings on A24
2025-11-08 18:50:51,011 - __main__ - INFO - Found 0 warnings on A25
2025-11-08 18:50:51,127 - __main__ - INFO - Found 0 warnings on A26
2025-11-08 18:50:51,208 - __main__ - INFO - Found 0 warnings on A27
2025-11-08 18:50:51,299 - __main__ - INFO - Found 0 warnings on A28
2025-11-08 18:50:51,358 - __main__ - INFO - Found 0 warnings on A29
2025-11-08 18:50:51,475 - __main__ - INFO - Found 0 warnings on A30
2025-11-08 18:50:51,551 - __main__ - INFO - Found 0 warnings on A31
2025-11-08 18:50:51,596 - __main__ - INFO - Found 0 warnings on A33
2025-11-08 18:50:51,640 - __main__ - INFO - Found 0 warnings on A36
2025-11-08 18:50:51,713 - __main__ - INFO - Found 1 warnings on A38
2025-11-08 18:50:51,820 - __main__ - INFO - Found 0 warnings on A39
2025-11-08 18:50:51,887 - __main__ - INFO - Found 0 warnings on A40
2025-11-08 18:50:51,932 - __main__ - INFO - Found 0 warnings on A42
2025-11-08 18:50:51,969 - __main__ - INFO - Found 0 warnings on A43
2025-11-08 18:50:52,167 - __main__ - INFO - Found 3 warnings on A44
2025-11-08 18:50:52,230 - __main__ - INFO - Found 2 warnings on A45
2025-11-08 18:50:52,247 - __main__ - INFO - Found 0 warnings on A46
2025-11-08 18:50:52,304 - __main__ - INFO - Found 0 warnings on A48
2025-11-08 18:50:52,513 - __main__ - INFO - Found 2 warnings on A49
2025-11-08 18:50:52,573 - __main__ - INFO - Found 0 warnings on A52
2025-11-08 18:50:52,636 - __main__ - INFO - Found 0 warnings on A57
2025-11-08 18:50:52,949 - __main__ - INFO - Found 1 warnings on A59
2025-11-08 18:50:52,981 - __main__ - INFO - Found 2 warnings on A60
2025-11-08 18:50:53,505 - __main__ - INFO - Found 0 warnings on A60 
2025-11-08 18:50:53,724 - __main__ - INFO - Found 0 warnings on A61
2025-11-08 18:50:53,739 - __main__ - INFO - Found 0 warnings on A62
2025-11-08 18:50:53,834 - __main__ - INFO - Found 0 warnings on A63
2025-11-08 18:50:53,869 - __main__ - INFO - Found 0 warnings on A64
2025-11-08 18:50:54,069 - __main__ - INFO - Found 0 warnings on A65
2025-11-08 18:50:54,069 - __main__ - INFO - Found 0 warnings on A66
2025-11-08 18:50:54,172 - __main__ - INFO - Found 1 warnings on A67
2025-11-08 18:50:54,213 - __main__ - INFO - Found 0 warnings on A71
2025-11-08 18:50:54,213 - __main__ - INFO - Found 0 warnings on A70
2025-11-08 18:50:54,417 - __main__ - INFO - Found 0 warnings on A72
2025-11-08 18:50:54,418 - __main__ - INFO - Found 0 warnings on A73
2025-11-08 18:50:54,561 - __main__ - INFO - Found 0 warnings on A92
2025-11-08 18:50:54,562 - __main__ - INFO - Found 4 warnings on A81
2025-11-08 18:50:54,834 - __main__ - INFO - Found 0 warnings on A94
2025-11-08 18:50:54,835 - __main__ - INFO - Found 1 warnings on A93
2025-11-08 18:50:54,962 - __main__ - INFO - Found 0 warnings on A95
2025-11-08 18:50:55,068 - __main__ - INFO - Found 0 warnings on A96
2025-11-08 18:50:55,189 - __main__ - INFO - Found 0 warnings on A98
2025-11-08 18:50:55,309 - __main__ - INFO - Found 0 warnings on A99
2025-11-08 18:50:55,418 - __main__ - INFO - Found 2 warnings on A100
2025-11-08 18:50:55,530 - __main__ - INFO - Found 0 warnings on A103
2025-11-08 18:50:55,645 - __main__ - INFO - Found 0 warnings on A111
2025-11-08 18:50:55,662 - __main__ - INFO - Found 2 warnings on A113
2025-11-08 18:50:56,602 - __main__ - INFO - Found 1 warnings on A115
2025-11-08 18:50:56,733 - __main__ - INFO - Found 0 warnings on A117
2025-11-08 18:50:57,585 - __main__ - INFO - Found 0 warnings on A143
2025-11-08 18:50:57,800 - __main__ - INFO - Found 0 warnings on A210
2025-11-08 18:50:57,813 - __main__ - INFO - Found 0 warnings on A215
2025-11-08 18:50:57,983 - __main__ - INFO - Found 0 warnings on A226
2025-11-08 18:50:57,983 - __main__ - INFO - Found 1 warnings on A255
2025-11-08 18:50:58,104 - __main__ - INFO - Found 0 warnings on A261
2025-11-08 18:50:58,217 - __main__ - INFO - Found 0 warnings on A280
2025-11-08 18:50:58,218 - __main__ - INFO - Found 0 warnings on A270
2025-11-08 18:50:58,512 - __main__ - INFO - Found 0 warnings on A281
2025-11-08 18:50:58,630 - __main__ - INFO - Found 0 warnings on A320
2025-11-08 18:50:58,750 - __main__ - INFO - Found 0 warnings on A352
2025-11-08 18:50:58,757 - __main__ - INFO - Found 0 warnings on A369
2025-11-08 18:50:58,868 - __main__ - INFO - Found 0 warnings on A391
2025-11-08 18:50:59,033 - __main__ - INFO - Found 0 warnings on A445
2025-11-08 18:50:59,034 - __main__ - INFO - Found 0 warnings on A448
2025-11-08 18:50:59,149 - __main__ - INFO - Found 0 warnings on A480
2025-11-08 18:50:59,260 - __main__ - INFO - Found 0 warnings on A485
2025-11-08 18:50:59,376 - __main__ - INFO - Found 0 warnings on A516
2025-11-08 18:50:59,396 - __main__ - INFO - Found 0 warnings on A535
2025-11-08 18:50:59,397 - __main__ - INFO - Found 0 warnings on A524
2025-11-08 18:50:59,559 - __main__ - INFO - Found 0 warnings on A542
2025-11-08 18:50:59,750 - __main__ - INFO - Found 0 warnings on A553
2025-11-08 18:50:59,867 - __main__ - INFO - Found 0 warnings on A559
2025-11-08 18:50:59,871 - __main__ - INFO - Found 0 warnings on A560
2025-11-08 18:50:59,871 - __main__ - INFO - Found 0 warnings on A555
2025-11-08 18:50:59,984 - __main__ - INFO - Found 0 warnings on A562
2025-11-08 18:51:00,102 - __main__ - INFO - Found 0 warnings on A565
2025-11-08 18:51:00,272 - __main__ - INFO - Found 0 warnings on A571
2025-11-08 18:51:00,273 - __main__ - INFO - Found 0 warnings on A602
2025-11-08 18:51:00,273 - __main__ - INFO - Found 0 warnings on A620
2025-11-08 18:51:00,396 - __main__ - INFO - Found 0 warnings on A623
2025-11-08 18:51:00,605 - __main__ - INFO - Found 0 warnings on A640
2025-11-08 18:51:00,796 - __main__ - INFO - Found 0 warnings on A643
2025-11-08 18:51:00,797 - __main__ - INFO - Found 3 warnings on A650
2025-11-08 18:51:00,798 - __main__ - INFO - Found 0 warnings on A648
2025-11-08 18:51:00,798 - __main__ - INFO - Found 0 warnings on A656
2025-11-08 18:51:01,040 - __main__ - INFO - Found 0 warnings on A659
2025-11-08 18:51:01,142 - __main__ - INFO - Found 0 warnings on A831
2025-11-08 18:51:01,320 - __main__ - INFO - Found 0 warnings on A671
2025-11-08 18:51:01,320 - __main__ - INFO - Found 0 warnings on A661
2025-11-08 18:51:01,559 - __main__ - INFO - Found 0 warnings on A980
2025-11-08 18:51:01,562 - __main__ - INFO - Found 0 warnings on A995
2025-11-08 18:51:01,757 - __main__ - INFO - Found 0 warnings on A99a
2025-11-08 18:51:02,310 - __main__ - INFO - Statistics saved to enhanced_traffic_warnings/processed_data/statistics_20251108_185102.json
2025-11-08 18:51:02,322 - __main__ - INFO - Saved CSV: enhanced_traffic_warnings/processed_data/traffic_warnings_complete_20251108_185102.csv
2025-11-08 18:51:02,324 - __main__ - INFO - Saved JSON: enhanced_traffic_warnings/processed_data/traffic_warnings_complete_20251108_185102.json
2025-11-08 18:51:02,329 - __main__ - INFO - Saved GeoJSON: enhanced_traffic_warnings/processed_data/traffic_warnings_complete_20251108_185102.geojson
2025-11-08 18:51:02,648 - __main__ - INFO - Saved Excel: enhanced_traffic_warnings/processed_data/traffic_warnings_complete_20251108_185102.xlsx
